{"/Users/alexborovskoy/ws/1.Project/keep-in-touch-be/src/app.ts": {"path":"/Users/alexborovskoy/ws/1.Project/keep-in-touch-be/src/app.ts","statementMap":{"0":{"start":{"line":1,"column":0},"end":{"line":1,"column":38}},"1":{"start":{"line":2,"column":0},"end":{"line":2,"column":24}},"2":{"start":{"line":3,"column":0},"end":{"line":3,"column":51}},"3":{"start":{"line":4,"column":0},"end":{"line":4,"column":28}},"4":{"start":{"line":5,"column":0},"end":{"line":5,"column":46}},"5":{"start":{"line":6,"column":0},"end":{"line":6,"column":53}},"6":{"start":{"line":7,"column":0},"end":{"line":7,"column":71}},"7":{"start":{"line":8,"column":0},"end":{"line":8,"column":33}},"8":{"start":{"line":9,"column":0},"end":{"line":9,"column":44}},"9":{"start":{"line":11,"column":12},"end":{"line":11,"column":21}},"10":{"start":{"line":13,"column":0},"end":{"line":13,"column":39}},"11":{"start":{"line":14,"column":0},"end":{"line":14,"column":18}},"12":{"start":{"line":15,"column":0},"end":{"line":15,"column":23}},"13":{"start":{"line":16,"column":0},"end":{"line":16,"column":46}},"14":{"start":{"line":18,"column":21},"end":{"line":18,"column":58}},"15":{"start":{"line":20,"column":0},"end":{"line":31,"column":1}},"16":{"start":{"line":21,"column":2},"end":{"line":28,"column":4}},"17":{"start":{"line":30,"column":2},"end":{"line":30,"column":18}},"18":{"start":{"line":34,"column":0},"end":{"line":34,"column":56}},"19":{"start":{"line":37,"column":0},"end":{"line":39,"column":3}},"20":{"start":{"line":38,"column":2},"end":{"line":38,"column":78}},"21":{"start":{"line":41,"column":0},"end":{"line":41,"column":27}},"22":{"start":{"line":43,"column":0},"end":{"line":50,"column":3}},"23":{"start":{"line":44,"column":2},"end":{"line":49,"column":4}},"24":{"start":{"line":52,"column":0},"end":{"line":52,"column":22}},"25":{"start":{"line":54,"column":0},"end":{"line":54,"column":19}}},"fnMap":{"0":{"name":"(anonymous_1)","decl":{"start":{"line":37,"column":17},"end":{"line":37,"column":18}},"loc":{"start":{"line":37,"column":49},"end":{"line":39,"column":1}}},"1":{"name":"(anonymous_2)","decl":{"start":{"line":43,"column":13},"end":{"line":43,"column":14}},"loc":{"start":{"line":43,"column":30},"end":{"line":50,"column":1}}}},"branchMap":{"0":{"loc":{"start":{"line":20,"column":0},"end":{"line":31,"column":1}},"type":"if","locations":[{"start":{"line":20,"column":0},"end":{"line":31,"column":1}},{"start":{"line":29,"column":7},"end":{"line":31,"column":1}}]},"1":{"loc":{"start":{"line":23,"column":14},"end":{"line":23,"column":62}},"type":"binary-expr","locations":[{"start":{"line":23,"column":14},"end":{"line":23,"column":53}},{"start":{"line":23,"column":57},"end":{"line":23,"column":62}}]},"2":{"loc":{"start":{"line":23,"column":14},"end":{"line":23,"column":53}},"type":"cond-expr","locations":[{"start":{"line":23,"column":41},"end":{"line":23,"column":43}},{"start":{"line":23,"column":41},"end":{"line":23,"column":53}}]},"3":{"loc":{"start":{"line":23,"column":14},"end":{"line":23,"column":43}},"type":"binary-expr","locations":[{"start":{"line":23,"column":14},"end":{"line":23,"column":43}},{"start":{"line":23,"column":41},"end":{"line":23,"column":43}}]},"4":{"loc":{"start":{"line":34,"column":8},"end":{"line":34,"column":54}},"type":"cond-expr","locations":[{"start":{"line":34,"column":23},"end":{"line":34,"column":33}},{"start":{"line":34,"column":36},"end":{"line":34,"column":54}}]}},"s":{"0":8,"1":8,"2":8,"3":8,"4":8,"5":8,"6":8,"7":8,"8":8,"9":8,"10":8,"11":8,"12":8,"13":8,"14":8,"15":8,"16":0,"17":8,"18":8,"19":8,"20":0,"21":8,"22":8,"23":0,"24":8,"25":8},"f":{"0":0,"1":0},"b":{"0":[0,8],"1":[0,0],"2":[0,0],"3":[0,0],"4":[0,8]}}
,"/Users/alexborovskoy/ws/1.Project/keep-in-touch-be/src/__tests__/testHelpers.ts": {"path":"/Users/alexborovskoy/ws/1.Project/keep-in-touch-be/src/__tests__/testHelpers.ts","statementMap":{"0":{"start":{"line":2,"column":0},"end":{"line":2,"column":32}},"1":{"start":{"line":3,"column":0},"end":{"line":3,"column":25}},"2":{"start":{"line":5,"column":0},"end":{"line":5,"column":54}},"3":{"start":{"line":8,"column":29},"end":{"line":10,"column":1}},"4":{"start":{"line":9,"column":2},"end":{"line":9,"column":13}},"5":{"start":{"line":8,"column":13},"end":{"line":8,"column":29}},"6":{"start":{"line":12,"column":30},"end":{"line":26,"column":2}},"7":{"start":{"line":14,"column":20},"end":{"line":26,"column":2}},"8":{"start":{"line":15,"column":19},"end":{"line":20,"column":null}},"9":{"start":{"line":23,"column":15},"end":{"line":23,"column":36}},"10":{"start":{"line":24,"column":2},"end":{"line":24,"column":20}},"11":{"start":{"line":25,"column":2},"end":{"line":25,"column":14}},"12":{"start":{"line":12,"column":13},"end":{"line":12,"column":30}},"13":{"start":{"line":28,"column":25},"end":{"line":42,"column":2}},"14":{"start":{"line":32,"column":55},"end":{"line":42,"column":2}},"15":{"start":{"line":33,"column":19},"end":{"line":36,"column":4}},"16":{"start":{"line":38,"column":2},"end":{"line":41,"column":4}},"17":{"start":{"line":28,"column":13},"end":{"line":28,"column":25}},"18":{"start":{"line":44,"column":32},"end":{"line":67,"column":2}},"19":{"start":{"line":47,"column":55},"end":{"line":67,"column":2}},"20":{"start":{"line":48,"column":19},"end":{"line":53,"column":null}},"21":{"start":{"line":57,"column":27},"end":{"line":59,"column":22}},"22":{"start":{"line":61,"column":2},"end":{"line":61,"column":44}},"23":{"start":{"line":63,"column":2},"end":{"line":66,"column":4}},"24":{"start":{"line":44,"column":13},"end":{"line":44,"column":32}}},"fnMap":{"0":{"name":"(anonymous_8)","decl":{"start":{"line":8,"column":29},"end":{"line":8,"column":41}},"loc":{"start":{"line":8,"column":43},"end":{"line":10,"column":1}}},"1":{"name":"(anonymous_9)","decl":{"start":{"line":12,"column":30},"end":{"line":12,"column":null}},"loc":{"start":{"line":14,"column":20},"end":{"line":26,"column":2}}},"2":{"name":"(anonymous_10)","decl":{"start":{"line":14,"column":20},"end":{"line":14,"column":null}},"loc":{"start":{"line":13,"column":42},"end":{"line":26,"column":1}}},"3":{"name":"(anonymous_11)","decl":{"start":{"line":28,"column":25},"end":{"line":28,"column":null}},"loc":{"start":{"line":32,"column":55},"end":{"line":42,"column":2}}},"4":{"name":"(anonymous_12)","decl":{"start":{"line":32,"column":55},"end":{"line":32,"column":null}},"loc":{"start":{"line":32,"column":55},"end":{"line":42,"column":1}}},"5":{"name":"(anonymous_13)","decl":{"start":{"line":44,"column":32},"end":{"line":44,"column":null}},"loc":{"start":{"line":47,"column":55},"end":{"line":67,"column":2}}},"6":{"name":"(anonymous_14)","decl":{"start":{"line":47,"column":55},"end":{"line":47,"column":null}},"loc":{"start":{"line":46,"column":42},"end":{"line":67,"column":1}}}},"branchMap":{"0":{"loc":{"start":{"line":13,"column":2},"end":{"line":13,"column":42}},"type":"default-arg","locations":[{"start":{"line":13,"column":40},"end":{"line":13,"column":42}}]},"1":{"loc":{"start":{"line":46,"column":2},"end":{"line":46,"column":42}},"type":"default-arg","locations":[{"start":{"line":46,"column":40},"end":{"line":46,"column":42}}]}},"s":{"0":8,"1":8,"2":8,"3":8,"4":8,"5":8,"6":8,"7":21,"8":21,"9":21,"10":21,"11":21,"12":8,"13":8,"14":0,"15":0,"16":0,"17":8,"18":8,"19":22,"20":22,"21":22,"22":22,"23":22,"24":8},"f":{"0":8,"1":21,"2":21,"3":0,"4":0,"5":22,"6":22},"b":{"0":[0],"1":[18]}}
,"/Users/alexborovskoy/ws/1.Project/keep-in-touch-be/src/controllers/auth.controller.ts": {"path":"/Users/alexborovskoy/ws/1.Project/keep-in-touch-be/src/controllers/auth.controller.ts","statementMap":{"0":{"start":{"line":2,"column":0},"end":{"line":2,"column":46}},"1":{"start":{"line":3,"column":0},"end":{"line":3,"column":31}},"2":{"start":{"line":11,"column":0},"end":{"line":11,"column":45}},"3":{"start":{"line":12,"column":0},"end":{"line":12,"column":45}},"4":{"start":{"line":13,"column":0},"end":{"line":13,"column":49}},"5":{"start":{"line":15,"column":22},"end":{"line":26,"column":1}},"6":{"start":{"line":16,"column":20},"end":{"line":16,"column":42}},"7":{"start":{"line":17,"column":2},"end":{"line":22,"column":3}},"8":{"start":{"line":18,"column":4},"end":{"line":21,"column":6}},"9":{"start":{"line":25,"column":2},"end":{"line":25,"column":58}},"10":{"start":{"line":28,"column":13},"end":{"line":71,"column":2}},"11":{"start":{"line":29,"column":60},"end":{"line":70,"column":null}},"12":{"start":{"line":30,"column":46},"end":{"line":30,"column":74}},"13":{"start":{"line":32,"column":4},"end":{"line":39,"column":5}},"14":{"start":{"line":33,"column":6},"end":{"line":38,"column":8}},"15":{"start":{"line":41,"column":25},"end":{"line":43,"column":6}},"16":{"start":{"line":45,"column":4},"end":{"line":56,"column":5}},"17":{"start":{"line":46,"column":6},"end":{"line":50,"column":7}},"18":{"start":{"line":47,"column":8},"end":{"line":49,"column":10}},"19":{"start":{"line":51,"column":6},"end":{"line":55,"column":7}},"20":{"start":{"line":52,"column":8},"end":{"line":54,"column":10}},"21":{"start":{"line":58,"column":17},"end":{"line":58,"column":60}},"22":{"start":{"line":59,"column":4},"end":{"line":59,"column":22}},"23":{"start":{"line":61,"column":18},"end":{"line":61,"column":64}},"24":{"start":{"line":63,"column":25},"end":{"line":63,"column":48}},"25":{"start":{"line":65,"column":4},"end":{"line":69,"column":7}},"26":{"start":{"line":73,"column":13},"end":{"line":120,"column":2}},"27":{"start":{"line":74,"column":60},"end":{"line":119,"column":null}},"28":{"start":{"line":76,"column":35},"end":{"line":76,"column":56}},"29":{"start":{"line":78,"column":4},"end":{"line":85,"column":5}},"30":{"start":{"line":79,"column":6},"end":{"line":84,"column":8}},"31":{"start":{"line":88,"column":17},"end":{"line":90,"column":26}},"32":{"start":{"line":92,"column":4},"end":{"line":99,"column":5}},"33":{"start":{"line":93,"column":6},"end":{"line":98,"column":8}},"34":{"start":{"line":101,"column":28},"end":{"line":101,"column":64}},"35":{"start":{"line":102,"column":4},"end":{"line":106,"column":5}},"36":{"start":{"line":103,"column":6},"end":{"line":105,"column":8}},"37":{"start":{"line":108,"column":4},"end":{"line":108,"column":26}},"38":{"start":{"line":110,"column":18},"end":{"line":110,"column":64}},"39":{"start":{"line":112,"column":25},"end":{"line":112,"column":48}},"40":{"start":{"line":114,"column":4},"end":{"line":118,"column":7}},"41":{"start":{"line":122,"column":13},"end":{"line":141,"column":2}},"42":{"start":{"line":123,"column":60},"end":{"line":140,"column":null}},"43":{"start":{"line":124,"column":27},"end":{"line":124,"column":55}},"44":{"start":{"line":126,"column":4},"end":{"line":130,"column":5}},"45":{"start":{"line":127,"column":6},"end":{"line":129,"column":8}},"46":{"start":{"line":134,"column":4},"end":{"line":139,"column":6}},"47":{"start":{"line":143,"column":13},"end":{"line":147,"column":3}},"48":{"start":{"line":143,"column":72},"end":{"line":147,"column":2}},"49":{"start":{"line":146,"column":2},"end":{"line":146,"column":72}},"50":{"start":{"line":149,"column":13},"end":{"line":163,"column":2}},"51":{"start":{"line":150,"column":60},"end":{"line":162,"column":null}},"52":{"start":{"line":151,"column":20},"end":{"line":151,"column":50}},"53":{"start":{"line":153,"column":4},"end":{"line":155,"column":5}},"54":{"start":{"line":154,"column":6},"end":{"line":154,"column":79}},"55":{"start":{"line":159,"column":4},"end":{"line":161,"column":7}},"56":{"start":{"line":165,"column":13},"end":{"line":187,"column":2}},"57":{"start":{"line":166,"column":60},"end":{"line":186,"column":null}},"58":{"start":{"line":167,"column":33},"end":{"line":167,"column":62}},"59":{"start":{"line":169,"column":4},"end":{"line":176,"column":5}},"60":{"start":{"line":170,"column":6},"end":{"line":175,"column":8}},"61":{"start":{"line":180,"column":4},"end":{"line":185,"column":6}}},"fnMap":{"0":{"name":"(anonymous_8)","decl":{"start":{"line":15,"column":22},"end":{"line":15,"column":23}},"loc":{"start":{"line":15,"column":49},"end":{"line":26,"column":1}}},"1":{"name":"(anonymous_9)","decl":{"start":{"line":29,"column":2},"end":{"line":29,"column":9}},"loc":{"start":{"line":29,"column":60},"end":{"line":70,"column":null}}},"2":{"name":"(anonymous_10)","decl":{"start":{"line":29,"column":60},"end":{"line":29,"column":null}},"loc":{"start":{"line":29,"column":60},"end":{"line":70,"column":3}}},"3":{"name":"(anonymous_11)","decl":{"start":{"line":74,"column":2},"end":{"line":74,"column":9}},"loc":{"start":{"line":74,"column":60},"end":{"line":119,"column":null}}},"4":{"name":"(anonymous_12)","decl":{"start":{"line":74,"column":60},"end":{"line":74,"column":null}},"loc":{"start":{"line":74,"column":60},"end":{"line":119,"column":3}}},"5":{"name":"(anonymous_13)","decl":{"start":{"line":123,"column":2},"end":{"line":123,"column":9}},"loc":{"start":{"line":123,"column":60},"end":{"line":140,"column":null}}},"6":{"name":"(anonymous_14)","decl":{"start":{"line":123,"column":60},"end":{"line":123,"column":null}},"loc":{"start":{"line":123,"column":60},"end":{"line":140,"column":3}}},"7":{"name":"(anonymous_15)","decl":{"start":{"line":143,"column":34},"end":{"line":143,"column":41}},"loc":{"start":{"line":143,"column":72},"end":{"line":147,"column":2}}},"8":{"name":"(anonymous_16)","decl":{"start":{"line":143,"column":72},"end":{"line":143,"column":null}},"loc":{"start":{"line":143,"column":72},"end":{"line":147,"column":1}}},"9":{"name":"(anonymous_17)","decl":{"start":{"line":150,"column":2},"end":{"line":150,"column":9}},"loc":{"start":{"line":150,"column":60},"end":{"line":162,"column":null}}},"10":{"name":"(anonymous_18)","decl":{"start":{"line":150,"column":60},"end":{"line":150,"column":null}},"loc":{"start":{"line":150,"column":60},"end":{"line":162,"column":3}}},"11":{"name":"(anonymous_19)","decl":{"start":{"line":166,"column":2},"end":{"line":166,"column":9}},"loc":{"start":{"line":166,"column":60},"end":{"line":186,"column":null}}},"12":{"name":"(anonymous_20)","decl":{"start":{"line":166,"column":60},"end":{"line":166,"column":null}},"loc":{"start":{"line":166,"column":60},"end":{"line":186,"column":3}}}},"branchMap":{"0":{"loc":{"start":{"line":17,"column":2},"end":{"line":22,"column":3}},"type":"if","locations":[{"start":{"line":17,"column":2},"end":{"line":22,"column":3}}]},"1":{"loc":{"start":{"line":32,"column":4},"end":{"line":39,"column":5}},"type":"if","locations":[{"start":{"line":32,"column":4},"end":{"line":39,"column":5}}]},"2":{"loc":{"start":{"line":32,"column":8},"end":{"line":32,"column":49}},"type":"binary-expr","locations":[{"start":{"line":32,"column":8},"end":{"line":32,"column":17}},{"start":{"line":32,"column":21},"end":{"line":32,"column":26}},{"start":{"line":32,"column":30},"end":{"line":32,"column":36}},{"start":{"line":32,"column":40},"end":{"line":32,"column":49}}]},"3":{"loc":{"start":{"line":45,"column":4},"end":{"line":56,"column":5}},"type":"if","locations":[{"start":{"line":45,"column":4},"end":{"line":56,"column":5}}]},"4":{"loc":{"start":{"line":46,"column":6},"end":{"line":50,"column":7}},"type":"if","locations":[{"start":{"line":46,"column":6},"end":{"line":50,"column":7}}]},"5":{"loc":{"start":{"line":51,"column":6},"end":{"line":55,"column":7}},"type":"if","locations":[{"start":{"line":51,"column":6},"end":{"line":55,"column":7}}]},"6":{"loc":{"start":{"line":78,"column":4},"end":{"line":85,"column":5}},"type":"if","locations":[{"start":{"line":78,"column":4},"end":{"line":85,"column":5}}]},"7":{"loc":{"start":{"line":78,"column":8},"end":{"line":78,"column":32}},"type":"binary-expr","locations":[{"start":{"line":78,"column":8},"end":{"line":78,"column":19}},{"start":{"line":78,"column":23},"end":{"line":78,"column":32}}]},"8":{"loc":{"start":{"line":92,"column":4},"end":{"line":99,"column":5}},"type":"if","locations":[{"start":{"line":92,"column":4},"end":{"line":99,"column":5}}]},"9":{"loc":{"start":{"line":102,"column":4},"end":{"line":106,"column":5}},"type":"if","locations":[{"start":{"line":102,"column":4},"end":{"line":106,"column":5}}]},"10":{"loc":{"start":{"line":126,"column":4},"end":{"line":130,"column":5}},"type":"if","locations":[{"start":{"line":126,"column":4},"end":{"line":130,"column":5}}]},"11":{"loc":{"start":{"line":153,"column":4},"end":{"line":155,"column":5}},"type":"if","locations":[{"start":{"line":153,"column":4},"end":{"line":155,"column":5}}]},"12":{"loc":{"start":{"line":169,"column":4},"end":{"line":176,"column":5}},"type":"if","locations":[{"start":{"line":169,"column":4},"end":{"line":176,"column":5}}]},"13":{"loc":{"start":{"line":169,"column":8},"end":{"line":169,"column":30}},"type":"binary-expr","locations":[{"start":{"line":169,"column":8},"end":{"line":169,"column":14}},{"start":{"line":169,"column":18},"end":{"line":169,"column":30}}]}},"s":{"0":8,"1":8,"2":8,"3":8,"4":8,"5":8,"6":39,"7":39,"8":0,"9":39,"10":8,"11":35,"12":35,"13":35,"14":0,"15":35,"16":35,"17":4,"18":2,"19":2,"20":2,"21":31,"22":31,"23":31,"24":31,"25":31,"26":8,"27":14,"28":14,"29":14,"30":1,"31":13,"32":13,"33":1,"34":12,"35":12,"36":4,"37":8,"38":8,"39":8,"40":8,"41":8,"42":1,"43":1,"44":1,"45":0,"46":1,"47":8,"48":2,"49":2,"50":8,"51":2,"52":2,"53":2,"54":0,"55":2,"56":8,"57":1,"58":1,"59":1,"60":0,"61":1},"f":{"0":39,"1":35,"2":35,"3":14,"4":14,"5":1,"6":1,"7":2,"8":2,"9":2,"10":2,"11":1,"12":1},"b":{"0":[0],"1":[0],"2":[35,35,35,35],"3":[4],"4":[2],"5":[2],"6":[1],"7":[14,13],"8":[1],"9":[4],"10":[0],"11":[0],"12":[0],"13":[1,1]}}
,"/Users/alexborovskoy/ws/1.Project/keep-in-touch-be/src/controllers/users.controller.ts": {"path":"/Users/alexborovskoy/ws/1.Project/keep-in-touch-be/src/controllers/users.controller.ts","statementMap":{"0":{"start":{"line":2,"column":0},"end":{"line":2,"column":46}},"1":{"start":{"line":3,"column":0},"end":{"line":3,"column":45}},"2":{"start":{"line":5,"column":0},"end":{"line":5,"column":45}},"3":{"start":{"line":6,"column":0},"end":{"line":6,"column":49}},"4":{"start":{"line":8,"column":13},"end":{"line":26,"column":2}},"5":{"start":{"line":9,"column":60},"end":{"line":25,"column":null}},"6":{"start":{"line":10,"column":4},"end":{"line":14,"column":5}},"7":{"start":{"line":11,"column":6},"end":{"line":13,"column":8}},"8":{"start":{"line":16,"column":17},"end":{"line":16,"column":70}},"9":{"start":{"line":17,"column":4},"end":{"line":19,"column":5}},"10":{"start":{"line":18,"column":6},"end":{"line":18,"column":74}},"11":{"start":{"line":21,"column":4},"end":{"line":24,"column":7}},"12":{"start":{"line":28,"column":13},"end":{"line":69,"column":2}},"13":{"start":{"line":29,"column":60},"end":{"line":68,"column":null}},"14":{"start":{"line":30,"column":4},"end":{"line":34,"column":5}},"15":{"start":{"line":31,"column":6},"end":{"line":33,"column":8}},"16":{"start":{"line":36,"column":29},"end":{"line":36,"column":37}},"17":{"start":{"line":39,"column":4},"end":{"line":49,"column":5}},"18":{"start":{"line":40,"column":27},"end":{"line":43,"column":8}},"19":{"start":{"line":44,"column":6},"end":{"line":48,"column":7}},"20":{"start":{"line":45,"column":8},"end":{"line":47,"column":10}},"21":{"start":{"line":51,"column":66},"end":{"line":51,"column":68}},"22":{"start":{"line":52,"column":4},"end":{"line":52,"column":51}},"23":{"start":{"line":52,"column":28},"end":{"line":52,"column":51}},"24":{"start":{"line":53,"column":4},"end":{"line":53,"column":63}},"25":{"start":{"line":53,"column":32},"end":{"line":53,"column":63}},"26":{"start":{"line":55,"column":17},"end":{"line":58,"column":26}},"27":{"start":{"line":60,"column":4},"end":{"line":62,"column":5}},"28":{"start":{"line":61,"column":6},"end":{"line":61,"column":74}},"29":{"start":{"line":64,"column":4},"end":{"line":67,"column":7}},"30":{"start":{"line":71,"column":13},"end":{"line":113,"column":2}},"31":{"start":{"line":72,"column":60},"end":{"line":112,"column":null}},"32":{"start":{"line":73,"column":4},"end":{"line":77,"column":5}},"33":{"start":{"line":74,"column":6},"end":{"line":76,"column":8}},"34":{"start":{"line":79,"column":43},"end":{"line":79,"column":73}},"35":{"start":{"line":81,"column":4},"end":{"line":88,"column":5}},"36":{"start":{"line":82,"column":6},"end":{"line":87,"column":8}},"37":{"start":{"line":90,"column":17},"end":{"line":90,"column":70}},"38":{"start":{"line":91,"column":4},"end":{"line":93,"column":5}},"39":{"start":{"line":92,"column":6},"end":{"line":92,"column":74}},"40":{"start":{"line":95,"column":35},"end":{"line":95,"column":78}},"41":{"start":{"line":96,"column":4},"end":{"line":103,"column":5}},"42":{"start":{"line":97,"column":6},"end":{"line":102,"column":8}},"43":{"start":{"line":105,"column":4},"end":{"line":105,"column":32}},"44":{"start":{"line":106,"column":4},"end":{"line":106,"column":22}},"45":{"start":{"line":108,"column":4},"end":{"line":111,"column":7}},"46":{"start":{"line":115,"column":13},"end":{"line":131,"column":2}},"47":{"start":{"line":116,"column":60},"end":{"line":130,"column":null}},"48":{"start":{"line":117,"column":17},"end":{"line":117,"column":45}},"49":{"start":{"line":119,"column":17},"end":{"line":120,"column":null}},"50":{"start":{"line":122,"column":4},"end":{"line":124,"column":5}},"51":{"start":{"line":123,"column":6},"end":{"line":123,"column":74}},"52":{"start":{"line":126,"column":4},"end":{"line":129,"column":7}},"53":{"start":{"line":133,"column":13},"end":{"line":149,"column":2}},"54":{"start":{"line":134,"column":60},"end":{"line":148,"column":null}},"55":{"start":{"line":135,"column":4},"end":{"line":139,"column":5}},"56":{"start":{"line":136,"column":6},"end":{"line":138,"column":8}},"57":{"start":{"line":142,"column":4},"end":{"line":142,"column":47}},"58":{"start":{"line":144,"column":4},"end":{"line":147,"column":7}}},"fnMap":{"0":{"name":"(anonymous_8)","decl":{"start":{"line":9,"column":2},"end":{"line":9,"column":9}},"loc":{"start":{"line":9,"column":60},"end":{"line":25,"column":null}}},"1":{"name":"(anonymous_9)","decl":{"start":{"line":9,"column":60},"end":{"line":9,"column":null}},"loc":{"start":{"line":9,"column":60},"end":{"line":25,"column":3}}},"2":{"name":"(anonymous_10)","decl":{"start":{"line":29,"column":2},"end":{"line":29,"column":9}},"loc":{"start":{"line":29,"column":60},"end":{"line":68,"column":null}}},"3":{"name":"(anonymous_11)","decl":{"start":{"line":29,"column":60},"end":{"line":29,"column":null}},"loc":{"start":{"line":29,"column":60},"end":{"line":68,"column":3}}},"4":{"name":"(anonymous_12)","decl":{"start":{"line":72,"column":2},"end":{"line":72,"column":9}},"loc":{"start":{"line":72,"column":60},"end":{"line":112,"column":null}}},"5":{"name":"(anonymous_13)","decl":{"start":{"line":72,"column":60},"end":{"line":72,"column":null}},"loc":{"start":{"line":72,"column":60},"end":{"line":112,"column":3}}},"6":{"name":"(anonymous_14)","decl":{"start":{"line":116,"column":2},"end":{"line":116,"column":9}},"loc":{"start":{"line":116,"column":60},"end":{"line":130,"column":null}}},"7":{"name":"(anonymous_15)","decl":{"start":{"line":116,"column":60},"end":{"line":116,"column":null}},"loc":{"start":{"line":116,"column":60},"end":{"line":130,"column":3}}},"8":{"name":"(anonymous_16)","decl":{"start":{"line":134,"column":2},"end":{"line":134,"column":9}},"loc":{"start":{"line":134,"column":60},"end":{"line":148,"column":null}}},"9":{"name":"(anonymous_17)","decl":{"start":{"line":134,"column":60},"end":{"line":134,"column":null}},"loc":{"start":{"line":134,"column":60},"end":{"line":148,"column":3}}}},"branchMap":{"0":{"loc":{"start":{"line":10,"column":4},"end":{"line":14,"column":5}},"type":"if","locations":[{"start":{"line":10,"column":4},"end":{"line":14,"column":5}}]},"1":{"loc":{"start":{"line":17,"column":4},"end":{"line":19,"column":5}},"type":"if","locations":[{"start":{"line":17,"column":4},"end":{"line":19,"column":5}}]},"2":{"loc":{"start":{"line":30,"column":4},"end":{"line":34,"column":5}},"type":"if","locations":[{"start":{"line":30,"column":4},"end":{"line":34,"column":5}}]},"3":{"loc":{"start":{"line":39,"column":4},"end":{"line":49,"column":5}},"type":"if","locations":[{"start":{"line":39,"column":4},"end":{"line":49,"column":5}}]},"4":{"loc":{"start":{"line":44,"column":6},"end":{"line":48,"column":7}},"type":"if","locations":[{"start":{"line":44,"column":6},"end":{"line":48,"column":7}}]},"5":{"loc":{"start":{"line":52,"column":4},"end":{"line":52,"column":51}},"type":"if","locations":[{"start":{"line":52,"column":4},"end":{"line":52,"column":51}}]},"6":{"loc":{"start":{"line":53,"column":4},"end":{"line":53,"column":63}},"type":"if","locations":[{"start":{"line":53,"column":4},"end":{"line":53,"column":63}}]},"7":{"loc":{"start":{"line":60,"column":4},"end":{"line":62,"column":5}},"type":"if","locations":[{"start":{"line":60,"column":4},"end":{"line":62,"column":5}}]},"8":{"loc":{"start":{"line":73,"column":4},"end":{"line":77,"column":5}},"type":"if","locations":[{"start":{"line":73,"column":4},"end":{"line":77,"column":5}}]},"9":{"loc":{"start":{"line":81,"column":4},"end":{"line":88,"column":5}},"type":"if","locations":[{"start":{"line":81,"column":4},"end":{"line":88,"column":5}}]},"10":{"loc":{"start":{"line":81,"column":8},"end":{"line":81,"column":40}},"type":"binary-expr","locations":[{"start":{"line":81,"column":8},"end":{"line":81,"column":24}},{"start":{"line":81,"column":28},"end":{"line":81,"column":40}}]},"11":{"loc":{"start":{"line":91,"column":4},"end":{"line":93,"column":5}},"type":"if","locations":[{"start":{"line":91,"column":4},"end":{"line":93,"column":5}}]},"12":{"loc":{"start":{"line":96,"column":4},"end":{"line":103,"column":5}},"type":"if","locations":[{"start":{"line":96,"column":4},"end":{"line":103,"column":5}}]},"13":{"loc":{"start":{"line":122,"column":4},"end":{"line":124,"column":5}},"type":"if","locations":[{"start":{"line":122,"column":4},"end":{"line":124,"column":5}}]},"14":{"loc":{"start":{"line":135,"column":4},"end":{"line":139,"column":5}},"type":"if","locations":[{"start":{"line":135,"column":4},"end":{"line":139,"column":5}}]}},"s":{"0":8,"1":8,"2":8,"3":8,"4":8,"5":2,"6":2,"7":0,"8":2,"9":2,"10":0,"11":2,"12":8,"13":6,"14":6,"15":0,"16":6,"17":6,"18":5,"19":5,"20":2,"21":4,"22":4,"23":3,"24":4,"25":3,"26":4,"27":4,"28":0,"29":4,"30":8,"31":3,"32":3,"33":0,"34":3,"35":3,"36":0,"37":3,"38":3,"39":0,"40":3,"41":3,"42":1,"43":2,"44":2,"45":2,"46":8,"47":4,"48":4,"49":4,"50":4,"51":1,"52":3,"53":8,"54":3,"55":3,"56":0,"57":3,"58":3},"f":{"0":2,"1":2,"2":6,"3":6,"4":3,"5":3,"6":4,"7":4,"8":3,"9":3},"b":{"0":[0],"1":[0],"2":[0],"3":[5],"4":[2],"5":[3],"6":[3],"7":[0],"8":[0],"9":[0],"10":[3,3],"11":[0],"12":[1],"13":[1],"14":[0]}}
,"/Users/alexborovskoy/ws/1.Project/keep-in-touch-be/src/middleware/auth.ts": {"path":"/Users/alexborovskoy/ws/1.Project/keep-in-touch-be/src/middleware/auth.ts","statementMap":{"0":{"start":{"line":2,"column":0},"end":{"line":2,"column":46}},"1":{"start":{"line":3,"column":0},"end":{"line":3,"column":31}},"2":{"start":{"line":4,"column":0},"end":{"line":4,"column":45}},"3":{"start":{"line":5,"column":0},"end":{"line":5,"column":45}},"4":{"start":{"line":13,"column":33},"end":{"line":58,"column":2}},"5":{"start":{"line":17,"column":4},"end":{"line":58,"column":2}},"6":{"start":{"line":18,"column":2},"end":{"line":57,"column":3}},"7":{"start":{"line":19,"column":23},"end":{"line":19,"column":48}},"8":{"start":{"line":20,"column":18},"end":{"line":20,"column":56}},"9":{"start":{"line":22,"column":4},"end":{"line":29,"column":5}},"10":{"start":{"line":23,"column":6},"end":{"line":28,"column":8}},"11":{"start":{"line":31,"column":22},"end":{"line":31,"column":44}},"12":{"start":{"line":32,"column":4},"end":{"line":39,"column":5}},"13":{"start":{"line":33,"column":6},"end":{"line":38,"column":8}},"14":{"start":{"line":41,"column":20},"end":{"line":41,"column":62}},"15":{"start":{"line":42,"column":17},"end":{"line":42,"column":72}},"16":{"start":{"line":44,"column":4},"end":{"line":51,"column":5}},"17":{"start":{"line":45,"column":6},"end":{"line":50,"column":8}},"18":{"start":{"line":53,"column":4},"end":{"line":53,"column":20}},"19":{"start":{"line":54,"column":4},"end":{"line":54,"column":11}},"20":{"start":{"line":56,"column":4},"end":{"line":56,"column":16}},"21":{"start":{"line":13,"column":13},"end":{"line":13,"column":33}},"22":{"start":{"line":60,"column":25},"end":{"line":79,"column":1}},"23":{"start":{"line":61,"column":2},"end":{"line":78,"column":4}},"24":{"start":{"line":62,"column":4},"end":{"line":66,"column":5}},"25":{"start":{"line":63,"column":6},"end":{"line":65,"column":8}},"26":{"start":{"line":68,"column":4},"end":{"line":75,"column":5}},"27":{"start":{"line":69,"column":6},"end":{"line":74,"column":8}},"28":{"start":{"line":77,"column":4},"end":{"line":77,"column":11}},"29":{"start":{"line":60,"column":13},"end":{"line":60,"column":25}}},"fnMap":{"0":{"name":"(anonymous_8)","decl":{"start":{"line":13,"column":33},"end":{"line":13,"column":null}},"loc":{"start":{"line":17,"column":4},"end":{"line":58,"column":2}}},"1":{"name":"(anonymous_9)","decl":{"start":{"line":17,"column":4},"end":{"line":17,"column":null}},"loc":{"start":{"line":17,"column":4},"end":{"line":58,"column":1}}},"2":{"name":"(anonymous_10)","decl":{"start":{"line":60,"column":25},"end":{"line":60,"column":26}},"loc":{"start":{"line":60,"column":63},"end":{"line":79,"column":1}}},"3":{"name":"(anonymous_11)","decl":{"start":{"line":61,"column":9},"end":{"line":61,"column":10}},"loc":{"start":{"line":61,"column":61},"end":{"line":78,"column":3}}}},"branchMap":{"0":{"loc":{"start":{"line":20,"column":18},"end":{"line":20,"column":56}},"type":"binary-expr","locations":[{"start":{"line":20,"column":18},"end":{"line":20,"column":28}},{"start":{"line":20,"column":32},"end":{"line":20,"column":56}}]},"1":{"loc":{"start":{"line":22,"column":4},"end":{"line":29,"column":5}},"type":"if","locations":[{"start":{"line":22,"column":4},"end":{"line":29,"column":5}}]},"2":{"loc":{"start":{"line":32,"column":4},"end":{"line":39,"column":5}},"type":"if","locations":[{"start":{"line":32,"column":4},"end":{"line":39,"column":5}}]},"3":{"loc":{"start":{"line":44,"column":4},"end":{"line":51,"column":5}},"type":"if","locations":[{"start":{"line":44,"column":4},"end":{"line":51,"column":5}}]},"4":{"loc":{"start":{"line":62,"column":4},"end":{"line":66,"column":5}},"type":"if","locations":[{"start":{"line":62,"column":4},"end":{"line":66,"column":5}}]},"5":{"loc":{"start":{"line":68,"column":4},"end":{"line":75,"column":5}},"type":"if","locations":[{"start":{"line":68,"column":4},"end":{"line":75,"column":5}}]},"6":{"loc":{"start":{"line":71,"column":19},"end":{"line":71,"column":33}},"type":"cond-expr","locations":[{"start":{"line":71,"column":27},"end":{"line":71,"column":29}},{"start":{"line":71,"column":27},"end":{"line":71,"column":33}}]},"7":{"loc":{"start":{"line":71,"column":19},"end":{"line":71,"column":29}},"type":"binary-expr","locations":[{"start":{"line":71,"column":19},"end":{"line":71,"column":29}},{"start":{"line":71,"column":27},"end":{"line":71,"column":29}}]}},"s":{"0":8,"1":8,"2":8,"3":8,"4":8,"5":36,"6":36,"7":36,"8":36,"9":36,"10":6,"11":30,"12":30,"13":0,"14":30,"15":25,"16":25,"17":1,"18":24,"19":24,"20":5,"21":8,"22":8,"23":0,"24":0,"25":0,"26":0,"27":0,"28":0,"29":8},"f":{"0":36,"1":36,"2":0,"3":0},"b":{"0":[36,31],"1":[6],"2":[0],"3":[1],"4":[0],"5":[0],"6":[0,0],"7":[0,0]}}
,"/Users/alexborovskoy/ws/1.Project/keep-in-touch-be/src/middleware/errorHandler.ts": {"path":"/Users/alexborovskoy/ws/1.Project/keep-in-touch-be/src/middleware/errorHandler.ts","statementMap":{"0":{"start":{"line":2,"column":0},"end":{"line":2,"column":46}},"1":{"start":{"line":3,"column":0},"end":{"line":3,"column":20}},"2":{"start":{"line":4,"column":0},"end":{"line":4,"column":45}},"3":{"start":{"line":5,"column":0},"end":{"line":5,"column":39}},"4":{"start":{"line":7,"column":21},"end":{"line":72,"column":1}},"5":{"start":{"line":13,"column":23},"end":{"line":13,"column":60}},"6":{"start":{"line":14,"column":23},"end":{"line":14,"column":28}},"7":{"start":{"line":16,"column":2},"end":{"line":18,"column":3}},"8":{"start":{"line":17,"column":4},"end":{"line":17,"column":25}},"9":{"start":{"line":20,"column":2},"end":{"line":20,"column":71}},"10":{"start":{"line":21,"column":2},"end":{"line":21,"column":55}},"11":{"start":{"line":24,"column":2},"end":{"line":27,"column":3}},"12":{"start":{"line":25,"column":20},"end":{"line":25,"column":61}},"13":{"start":{"line":26,"column":4},"end":{"line":26,"column":58}},"14":{"start":{"line":30,"column":2},"end":{"line":33,"column":3}},"15":{"start":{"line":31,"column":20},"end":{"line":31,"column":70}},"16":{"start":{"line":32,"column":4},"end":{"line":32,"column":58}},"17":{"start":{"line":36,"column":2},"end":{"line":39,"column":3}},"18":{"start":{"line":37,"column":20},"end":{"line":37,"column":63}},"19":{"start":{"line":38,"column":4},"end":{"line":38,"column":59}},"20":{"start":{"line":42,"column":2},"end":{"line":45,"column":3}},"21":{"start":{"line":43,"column":20},"end":{"line":43,"column":70}},"22":{"start":{"line":44,"column":4},"end":{"line":44,"column":59}},"23":{"start":{"line":48,"column":2},"end":{"line":50,"column":3}},"24":{"start":{"line":49,"column":4},"end":{"line":49,"column":71}},"25":{"start":{"line":53,"column":2},"end":{"line":56,"column":3}},"26":{"start":{"line":54,"column":4},"end":{"line":54,"column":74}},"27":{"start":{"line":55,"column":4},"end":{"line":55,"column":67}},"28":{"start":{"line":59,"column":2},"end":{"line":64,"column":4}},"29":{"start":{"line":66,"column":2},"end":{"line":71,"column":5}},"30":{"start":{"line":74,"column":0},"end":{"line":74,"column":28}}},"fnMap":{"0":{"name":"(anonymous_1)","decl":{"start":{"line":7,"column":21},"end":{"line":7,"column":null}},"loc":{"start":{"line":12,"column":4},"end":{"line":72,"column":1}}}},"branchMap":{"0":{"loc":{"start":{"line":16,"column":2},"end":{"line":18,"column":3}},"type":"if","locations":[{"start":{"line":16,"column":2},"end":{"line":18,"column":3}}]},"1":{"loc":{"start":{"line":20,"column":19},"end":{"line":20,"column":70}},"type":"binary-expr","locations":[{"start":{"line":20,"column":19},"end":{"line":20,"column":33}},{"start":{"line":20,"column":37},"end":{"line":20,"column":70}}]},"2":{"loc":{"start":{"line":21,"column":16},"end":{"line":21,"column":54}},"type":"binary-expr","locations":[{"start":{"line":21,"column":16},"end":{"line":21,"column":27}},{"start":{"line":21,"column":31},"end":{"line":21,"column":54}}]},"3":{"loc":{"start":{"line":24,"column":2},"end":{"line":27,"column":3}},"type":"if","locations":[{"start":{"line":24,"column":2},"end":{"line":27,"column":3}}]},"4":{"loc":{"start":{"line":30,"column":2},"end":{"line":33,"column":3}},"type":"if","locations":[{"start":{"line":30,"column":2},"end":{"line":33,"column":3}}]},"5":{"loc":{"start":{"line":36,"column":2},"end":{"line":39,"column":3}},"type":"if","locations":[{"start":{"line":36,"column":2},"end":{"line":39,"column":3}}]},"6":{"loc":{"start":{"line":42,"column":2},"end":{"line":45,"column":3}},"type":"if","locations":[{"start":{"line":42,"column":2},"end":{"line":45,"column":3}}]},"7":{"loc":{"start":{"line":48,"column":2},"end":{"line":50,"column":3}},"type":"if","locations":[{"start":{"line":48,"column":2},"end":{"line":50,"column":3}}]},"8":{"loc":{"start":{"line":53,"column":2},"end":{"line":56,"column":3}},"type":"if","locations":[{"start":{"line":53,"column":2},"end":{"line":56,"column":3}}]},"9":{"loc":{"start":{"line":53,"column":6},"end":{"line":53,"column":49}},"type":"binary-expr","locations":[{"start":{"line":53,"column":6},"end":{"line":53,"column":33}},{"start":{"line":53,"column":37},"end":{"line":53,"column":49}}]},"10":{"loc":{"start":{"line":55,"column":21},"end":{"line":55,"column":66}},"type":"binary-expr","locations":[{"start":{"line":55,"column":21},"end":{"line":55,"column":34}},{"start":{"line":55,"column":38},"end":{"line":55,"column":66}}]},"11":{"loc":{"start":{"line":60,"column":7},"end":{"line":60,"column":60}},"type":"cond-expr","locations":[{"start":{"line":60,"column":24},"end":{"line":60,"column":55}},{"start":{"line":60,"column":58},"end":{"line":60,"column":60}}]},"12":{"loc":{"start":{"line":62,"column":13},"end":{"line":62,"column":51}},"type":"cond-expr","locations":[{"start":{"line":62,"column":30},"end":{"line":62,"column":39}},{"start":{"line":62,"column":42},"end":{"line":62,"column":51}}]},"13":{"loc":{"start":{"line":70,"column":11},"end":{"line":70,"column":49}},"type":"cond-expr","locations":[{"start":{"line":70,"column":28},"end":{"line":70,"column":37}},{"start":{"line":70,"column":40},"end":{"line":70,"column":49}}]}},"s":{"0":8,"1":8,"2":8,"3":8,"4":8,"5":56,"6":56,"7":56,"8":0,"9":56,"10":56,"11":56,"12":0,"13":0,"14":56,"15":0,"16":0,"17":56,"18":5,"19":5,"20":56,"21":0,"22":0,"23":56,"24":28,"25":56,"26":0,"27":0,"28":56,"29":56,"30":8},"f":{"0":56},"b":{"0":[0],"1":[56,33],"2":[56,0],"3":[0],"4":[0],"5":[5],"6":[0],"7":[28],"8":[0],"9":[56,0],"10":[0,0],"11":[56,0],"12":[0,56],"13":[0,56]}}
,"/Users/alexborovskoy/ws/1.Project/keep-in-touch-be/src/middleware/httpLogger.ts": {"path":"/Users/alexborovskoy/ws/1.Project/keep-in-touch-be/src/middleware/httpLogger.ts","statementMap":{"0":{"start":{"line":1,"column":0},"end":{"line":1,"column":28}},"1":{"start":{"line":2,"column":0},"end":{"line":2,"column":39}},"2":{"start":{"line":4,"column":15},"end":{"line":9,"column":2}},"3":{"start":{"line":7,"column":4},"end":{"line":7,"column":32}},"4":{"start":{"line":11,"column":13},"end":{"line":14,"column":2}},"5":{"start":{"line":16,"column":13},"end":{"line":25,"column":2}},"6":{"start":{"line":22,"column":6},"end":{"line":22,"column":75}}},"fnMap":{"0":{"name":"(anonymous_1)","decl":{"start":{"line":5,"column":9},"end":{"line":5,"column":10}},"loc":{"start":{"line":5,"column":29},"end":{"line":8,"column":3}}},"1":{"name":"(anonymous_2)","decl":{"start":{"line":20,"column":10},"end":{"line":20,"column":11}},"loc":{"start":{"line":20,"column":23},"end":{"line":23,"column":5}}}},"branchMap":{"0":{"loc":{"start":{"line":22,"column":13},"end":{"line":22,"column":74}},"type":"binary-expr","locations":[{"start":{"line":22,"column":13},"end":{"line":22,"column":50}},{"start":{"line":22,"column":54},"end":{"line":22,"column":74}}]}},"s":{"0":8,"1":8,"2":8,"3":113,"4":8,"5":8,"6":113},"f":{"0":113,"1":113},"b":{"0":[113,0]}}
,"/Users/alexborovskoy/ws/1.Project/keep-in-touch-be/src/middleware/lastSeen.ts": {"path":"/Users/alexborovskoy/ws/1.Project/keep-in-touch-be/src/middleware/lastSeen.ts","statementMap":{"0":{"start":{"line":2,"column":0},"end":{"line":2,"column":39}},"1":{"start":{"line":7,"column":30},"end":{"line":26,"column":2}},"2":{"start":{"line":11,"column":4},"end":{"line":26,"column":2}},"3":{"start":{"line":12,"column":2},"end":{"line":25,"column":3}},"4":{"start":{"line":13,"column":4},"end":{"line":19,"column":5}},"5":{"start":{"line":14,"column":6},"end":{"line":14,"column":32}},"6":{"start":{"line":15,"column":6},"end":{"line":15,"column":28}},"7":{"start":{"line":16,"column":6},"end":{"line":18,"column":8}},"8":{"start":{"line":20,"column":4},"end":{"line":20,"column":11}},"9":{"start":{"line":23,"column":4},"end":{"line":23,"column":53}},"10":{"start":{"line":24,"column":4},"end":{"line":24,"column":11}},"11":{"start":{"line":7,"column":13},"end":{"line":7,"column":30}}},"fnMap":{"0":{"name":"(anonymous_7)","decl":{"start":{"line":7,"column":30},"end":{"line":7,"column":null}},"loc":{"start":{"line":11,"column":4},"end":{"line":26,"column":2}}},"1":{"name":"(anonymous_8)","decl":{"start":{"line":11,"column":4},"end":{"line":11,"column":null}},"loc":{"start":{"line":11,"column":4},"end":{"line":26,"column":1}}}},"branchMap":{"0":{"loc":{"start":{"line":13,"column":4},"end":{"line":19,"column":5}},"type":"if","locations":[{"start":{"line":13,"column":4},"end":{"line":19,"column":5}}]}},"s":{"0":0,"1":0,"2":0,"3":0,"4":0,"5":0,"6":0,"7":0,"8":0,"9":0,"10":0,"11":0},"f":{"0":0,"1":0},"b":{"0":[0]}}
,"/Users/alexborovskoy/ws/1.Project/keep-in-touch-be/src/middleware/validation.middleware.ts": {"path":"/Users/alexborovskoy/ws/1.Project/keep-in-touch-be/src/middleware/validation.middleware.ts","statementMap":{"0":{"start":{"line":3,"column":0},"end":{"line":3,"column":49}},"1":{"start":{"line":11,"column":31},"end":{"line":28,"column":4}},"2":{"start":{"line":12,"column":2},"end":{"line":28,"column":4}},"3":{"start":{"line":12,"column":72},"end":{"line":28,"column":4}},"4":{"start":{"line":14,"column":4},"end":{"line":16,"column":5}},"5":{"start":{"line":15,"column":6},"end":{"line":15,"column":46}},"6":{"start":{"line":19,"column":4},"end":{"line":21,"column":5}},"7":{"start":{"line":20,"column":6},"end":{"line":20,"column":50}},"8":{"start":{"line":24,"column":4},"end":{"line":26,"column":5}},"9":{"start":{"line":25,"column":6},"end":{"line":25,"column":48}},"10":{"start":{"line":27,"column":4},"end":{"line":27,"column":11}},"11":{"start":{"line":11,"column":13},"end":{"line":11,"column":31}}},"fnMap":{"0":{"name":"(anonymous_7)","decl":{"start":{"line":11,"column":31},"end":{"line":11,"column":32}},"loc":{"start":{"line":12,"column":2},"end":{"line":28,"column":4}}},"1":{"name":"(anonymous_8)","decl":{"start":{"line":12,"column":14},"end":{"line":12,"column":21}},"loc":{"start":{"line":12,"column":72},"end":{"line":28,"column":4}}},"2":{"name":"(anonymous_9)","decl":{"start":{"line":12,"column":72},"end":{"line":12,"column":null}},"loc":{"start":{"line":12,"column":72},"end":{"line":28,"column":3}}}},"branchMap":{"0":{"loc":{"start":{"line":14,"column":4},"end":{"line":16,"column":5}},"type":"if","locations":[{"start":{"line":14,"column":4},"end":{"line":16,"column":5}}]},"1":{"loc":{"start":{"line":19,"column":4},"end":{"line":21,"column":5}},"type":"if","locations":[{"start":{"line":19,"column":4},"end":{"line":21,"column":5}}]},"2":{"loc":{"start":{"line":24,"column":4},"end":{"line":26,"column":5}},"type":"if","locations":[{"start":{"line":24,"column":4},"end":{"line":26,"column":5}}]}},"s":{"0":8,"1":8,"2":64,"3":94,"4":94,"5":89,"6":67,"7":5,"8":66,"9":0,"10":66,"11":8},"f":{"0":64,"1":94,"2":94},"b":{"0":[89],"1":[5],"2":[0]}}
,"/Users/alexborovskoy/ws/1.Project/keep-in-touch-be/src/models/auth/auth.schemas.ts": {"path":"/Users/alexborovskoy/ws/1.Project/keep-in-touch-be/src/models/auth/auth.schemas.ts","statementMap":{"0":{"start":{"line":1,"column":0},"end":{"line":1,"column":20}},"1":{"start":{"line":2,"column":0},"end":{"line":2,"column":null}},"2":{"start":{"line":9,"column":13},"end":{"line":14,"column":3}},"3":{"start":{"line":18,"column":13},"end":{"line":21,"column":3}},"4":{"start":{"line":25,"column":13},"end":{"line":27,"column":3}},"5":{"start":{"line":31,"column":13},"end":{"line":33,"column":3}},"6":{"start":{"line":37,"column":13},"end":{"line":40,"column":3}}},"fnMap":{},"branchMap":{},"s":{"0":8,"1":8,"2":8,"3":8,"4":8,"5":8,"6":8},"f":{},"b":{}}
,"/Users/alexborovskoy/ws/1.Project/keep-in-touch-be/src/models/user/user.model.ts": {"path":"/Users/alexborovskoy/ws/1.Project/keep-in-touch-be/src/models/user/user.model.ts","statementMap":{"0":{"start":{"line":1,"column":0},"end":{"line":1,"column":30}},"1":{"start":{"line":2,"column":0},"end":{"line":2,"column":56}},"2":{"start":{"line":3,"column":0},"end":{"line":3,"column":42}},"3":{"start":{"line":9,"column":0},"end":{"line":9,"column":54}},"4":{"start":{"line":24,"column":27},"end":{"line":37,"column":null}},"5":{"start":{"line":41,"column":0},"end":{"line":41,"column":41}},"6":{"start":{"line":42,"column":0},"end":{"line":42,"column":40}},"7":{"start":{"line":44,"column":0},"end":{"line":67,"column":3}},"8":{"start":{"line":45,"column":2},"end":{"line":45,"column":50}},"9":{"start":{"line":45,"column":36},"end":{"line":45,"column":50}},"10":{"start":{"line":48,"column":20},"end":{"line":48,"column":44}},"11":{"start":{"line":49,"column":2},"end":{"line":52,"column":3}},"12":{"start":{"line":50,"column":16},"end":{"line":50,"column":77}},"13":{"start":{"line":51,"column":4},"end":{"line":51,"column":21}},"14":{"start":{"line":54,"column":2},"end":{"line":59,"column":3}},"15":{"start":{"line":55,"column":16},"end":{"line":56,"column":null}},"16":{"start":{"line":58,"column":4},"end":{"line":58,"column":21}},"17":{"start":{"line":61,"column":2},"end":{"line":66,"column":3}},"18":{"start":{"line":62,"column":4},"end":{"line":62,"column":57}},"19":{"start":{"line":63,"column":4},"end":{"line":63,"column":11}},"20":{"start":{"line":65,"column":4},"end":{"line":65,"column":80}},"21":{"start":{"line":69,"column":0},"end":{"line":82,"column":2}},"22":{"start":{"line":72,"column":2},"end":{"line":81,"column":3}},"23":{"start":{"line":73,"column":17},"end":{"line":75,"column":26}},"24":{"start":{"line":76,"column":4},"end":{"line":76,"column":46}},"25":{"start":{"line":76,"column":33},"end":{"line":76,"column":46}},"26":{"start":{"line":77,"column":4},"end":{"line":77,"column":66}},"27":{"start":{"line":79,"column":4},"end":{"line":79,"column":57}},"28":{"start":{"line":80,"column":4},"end":{"line":80,"column":17}},"29":{"start":{"line":84,"column":0},"end":{"line":87,"column":2}},"30":{"start":{"line":85,"column":2},"end":{"line":85,"column":29}},"31":{"start":{"line":86,"column":2},"end":{"line":86,"column":20}},"32":{"start":{"line":89,"column":0},"end":{"line":100,"column":2}},"33":{"start":{"line":90,"column":2},"end":{"line":99,"column":4}},"34":{"start":{"line":102,"column":0},"end":{"line":105,"column":4}},"35":{"start":{"line":104,"column":4},"end":{"line":104,"column":35}},"36":{"start":{"line":107,"column":0},"end":{"line":113,"column":2}},"37":{"start":{"line":108,"column":2},"end":{"line":112,"column":4}},"38":{"start":{"line":115,"column":0},"end":{"line":124,"column":2}},"39":{"start":{"line":118,"column":2},"end":{"line":123,"column":5}},"40":{"start":{"line":126,"column":13},"end":{"line":126,"column":65}},"41":{"start":{"line":128,"column":0},"end":{"line":128,"column":20}}},"fnMap":{"0":{"name":"(anonymous_8)","decl":{"start":{"line":44,"column":31},"end":{"line":44,"column":47}},"loc":{"start":{"line":44,"column":51},"end":{"line":67,"column":2}}},"1":{"name":"(anonymous_10)","decl":{"start":{"line":69,"column":45},"end":{"line":69,"column":null}},"loc":{"start":{"line":70,"column":27},"end":{"line":82,"column":2}}},"2":{"name":"(anonymous_12)","decl":{"start":{"line":84,"column":44},"end":{"line":84,"column":null}},"loc":{"start":{"line":84,"column":44},"end":{"line":87,"column":2}}},"3":{"name":"(anonymous_14)","decl":{"start":{"line":89,"column":46},"end":{"line":89,"column":null}},"loc":{"start":{"line":89,"column":46},"end":{"line":100,"column":1}}},"4":{"name":"(anonymous_15)","decl":{"start":{"line":103,"column":2},"end":{"line":103,"column":null}},"loc":{"start":{"line":103,"column":2},"end":{"line":105,"column":3}}},"5":{"name":"(anonymous_16)","decl":{"start":{"line":107,"column":44},"end":{"line":107,"column":null}},"loc":{"start":{"line":107,"column":44},"end":{"line":113,"column":1}}},"6":{"name":"(anonymous_17)","decl":{"start":{"line":115,"column":51},"end":{"line":115,"column":null}},"loc":{"start":{"line":116,"column":20},"end":{"line":124,"column":1}}}},"branchMap":{"0":{"loc":{"start":{"line":45,"column":2},"end":{"line":45,"column":50}},"type":"if","locations":[{"start":{"line":45,"column":2},"end":{"line":45,"column":50}}]},"1":{"loc":{"start":{"line":49,"column":2},"end":{"line":52,"column":3}},"type":"if","locations":[{"start":{"line":49,"column":2},"end":{"line":52,"column":3}}]},"2":{"loc":{"start":{"line":54,"column":2},"end":{"line":59,"column":3}},"type":"if","locations":[{"start":{"line":54,"column":2},"end":{"line":59,"column":3}}]},"3":{"loc":{"start":{"line":65,"column":9},"end":{"line":65,"column":78}},"type":"cond-expr","locations":[{"start":{"line":65,"column":34},"end":{"line":65,"column":39}},{"start":{"line":65,"column":42},"end":{"line":65,"column":78}}]},"4":{"loc":{"start":{"line":76,"column":4},"end":{"line":76,"column":46}},"type":"if","locations":[{"start":{"line":76,"column":4},"end":{"line":76,"column":46}}]},"5":{"loc":{"start":{"line":76,"column":8},"end":{"line":76,"column":31}},"type":"binary-expr","locations":[{"start":{"line":76,"column":8},"end":{"line":76,"column":13}},{"start":{"line":76,"column":17},"end":{"line":76,"column":31}}]}},"s":{"0":8,"1":8,"2":8,"3":8,"4":8,"5":8,"6":8,"7":8,"8":62,"9":8,"10":54,"11":54,"12":0,"13":0,"14":54,"15":0,"16":0,"17":54,"18":54,"19":54,"20":0,"21":8,"22":15,"23":15,"24":15,"25":0,"26":15,"27":0,"28":0,"29":8,"30":8,"31":8,"32":8,"33":39,"34":8,"35":0,"36":8,"37":0,"38":8,"39":0,"40":8,"41":8},"f":{"0":62,"1":15,"2":8,"3":39,"4":0,"5":0,"6":0},"b":{"0":[8],"1":[0],"2":[0],"3":[0,0],"4":[0],"5":[15,15]}}
,"/Users/alexborovskoy/ws/1.Project/keep-in-touch-be/src/models/user/user.schemas.ts": {"path":"/Users/alexborovskoy/ws/1.Project/keep-in-touch-be/src/models/user/user.schemas.ts","statementMap":{"0":{"start":{"line":1,"column":0},"end":{"line":1,"column":22}},"1":{"start":{"line":2,"column":0},"end":{"line":2,"column":null}},"2":{"start":{"line":11,"column":13},"end":{"line":14,"column":3}},"3":{"start":{"line":18,"column":13},"end":{"line":20,"column":3}},"4":{"start":{"line":24,"column":13},"end":{"line":31,"column":5}},"5":{"start":{"line":29,"column":18},"end":{"line":29,"column":72}},"6":{"start":{"line":36,"column":13},"end":{"line":45,"column":3}},"7":{"start":{"line":50,"column":13},"end":{"line":50,"column":57}},"8":{"start":{"line":55,"column":13},"end":{"line":59,"column":3}}},"fnMap":{"0":{"name":"(anonymous_0)","decl":{"start":{"line":29,"column":10},"end":{"line":29,"column":14}},"loc":{"start":{"line":29,"column":18},"end":{"line":29,"column":72}}}},"branchMap":{"0":{"loc":{"start":{"line":29,"column":18},"end":{"line":29,"column":72}},"type":"binary-expr","locations":[{"start":{"line":29,"column":18},"end":{"line":29,"column":41}},{"start":{"line":29,"column":45},"end":{"line":29,"column":72}}]}},"s":{"0":8,"1":8,"2":8,"3":8,"4":8,"5":10,"6":8,"7":8,"8":8},"f":{"0":10},"b":{"0":[10,6]}}
,"/Users/alexborovskoy/ws/1.Project/keep-in-touch-be/src/models/user/user.types.ts": {"path":"/Users/alexborovskoy/ws/1.Project/keep-in-touch-be/src/models/user/user.types.ts","statementMap":{"0":{"start":{"line":1,"column":0},"end":{"line":1,"column":22}},"1":{"start":{"line":5,"column":13},"end":{"line":13,"column":4}},"2":{"start":{"line":15,"column":13},"end":{"line":19,"column":58}},"3":{"start":{"line":21,"column":13},"end":{"line":24,"column":17}},"4":{"start":{"line":26,"column":13},"end":{"line":29,"column":64}},"5":{"start":{"line":31,"column":13},"end":{"line":31,"column":68}},"6":{"start":{"line":33,"column":13},"end":{"line":35,"column":57}},"7":{"start":{"line":41,"column":13},"end":{"line":54,"column":3}},"8":{"start":{"line":60,"column":13},"end":{"line":69,"column":5}}},"fnMap":{},"branchMap":{},"s":{"0":8,"1":8,"2":8,"3":8,"4":8,"5":8,"6":8,"7":8,"8":8},"f":{},"b":{}}
,"/Users/alexborovskoy/ws/1.Project/keep-in-touch-be/src/routes/index.ts": {"path":"/Users/alexborovskoy/ws/1.Project/keep-in-touch-be/src/routes/index.ts","statementMap":{"0":{"start":{"line":1,"column":0},"end":{"line":1,"column":31}},"1":{"start":{"line":2,"column":0},"end":{"line":2,"column":28}},"2":{"start":{"line":4,"column":15},"end":{"line":4,"column":23}},"3":{"start":{"line":7,"column":0},"end":{"line":7,"column":28}},"4":{"start":{"line":9,"column":0},"end":{"line":9,"column":22}}},"fnMap":{},"branchMap":{},"s":{"0":8,"1":8,"2":8,"3":8,"4":8},"f":{},"b":{}}
,"/Users/alexborovskoy/ws/1.Project/keep-in-touch-be/src/routes/v1/auth.routes.ts": {"path":"/Users/alexborovskoy/ws/1.Project/keep-in-touch-be/src/routes/v1/auth.routes.ts","statementMap":{"0":{"start":{"line":1,"column":0},"end":{"line":1,"column":31}},"1":{"start":{"line":2,"column":0},"end":{"line":2,"column":null}},"2":{"start":{"line":10,"column":0},"end":{"line":10,"column":56}},"3":{"start":{"line":11,"column":0},"end":{"line":11,"column":71}},"4":{"start":{"line":12,"column":0},"end":{"line":12,"column":null}},"5":{"start":{"line":20,"column":15},"end":{"line":20,"column":23}},"6":{"start":{"line":46,"column":18},"end":{"line":46,"column":28}},"7":{"start":{"line":22,"column":0},"end":{"line":22,"column":80}},"8":{"start":{"line":24,"column":0},"end":{"line":24,"column":67}},"9":{"start":{"line":26,"column":0},"end":{"line":30,"column":2}},"10":{"start":{"line":32,"column":0},"end":{"line":32,"column":50}},"11":{"start":{"line":34,"column":0},"end":{"line":38,"column":2}},"12":{"start":{"line":40,"column":0},"end":{"line":44,"column":2}}},"fnMap":{},"branchMap":{},"s":{"0":8,"1":8,"2":8,"3":8,"4":8,"5":8,"6":8,"7":8,"8":8,"9":8,"10":8,"11":8,"12":8},"f":{},"b":{}}
,"/Users/alexborovskoy/ws/1.Project/keep-in-touch-be/src/routes/v1/index.ts": {"path":"/Users/alexborovskoy/ws/1.Project/keep-in-touch-be/src/routes/v1/index.ts","statementMap":{"0":{"start":{"line":1,"column":0},"end":{"line":1,"column":31}},"1":{"start":{"line":2,"column":0},"end":{"line":2,"column":41}},"2":{"start":{"line":3,"column":0},"end":{"line":3,"column":42}},"3":{"start":{"line":5,"column":15},"end":{"line":5,"column":23}},"4":{"start":{"line":7,"column":0},"end":{"line":7,"column":32}},"5":{"start":{"line":8,"column":0},"end":{"line":8,"column":33}},"6":{"start":{"line":10,"column":0},"end":{"line":10,"column":22}}},"fnMap":{},"branchMap":{},"s":{"0":8,"1":8,"2":8,"3":8,"4":8,"5":8,"6":8},"f":{},"b":{}}
,"/Users/alexborovskoy/ws/1.Project/keep-in-touch-be/src/routes/v1/users.routes.ts": {"path":"/Users/alexborovskoy/ws/1.Project/keep-in-touch-be/src/routes/v1/users.routes.ts","statementMap":{"0":{"start":{"line":1,"column":0},"end":{"line":1,"column":31}},"1":{"start":{"line":2,"column":0},"end":{"line":2,"column":null}},"2":{"start":{"line":9,"column":0},"end":{"line":9,"column":56}},"3":{"start":{"line":10,"column":0},"end":{"line":10,"column":71}},"4":{"start":{"line":11,"column":0},"end":{"line":11,"column":null}},"5":{"start":{"line":17,"column":15},"end":{"line":17,"column":23}},"6":{"start":{"line":39,"column":18},"end":{"line":39,"column":28}},"7":{"start":{"line":19,"column":0},"end":{"line":19,"column":53}},"8":{"start":{"line":21,"column":0},"end":{"line":26,"column":2}},"9":{"start":{"line":28,"column":0},"end":{"line":33,"column":2}},"10":{"start":{"line":35,"column":0},"end":{"line":35,"column":77}},"11":{"start":{"line":37,"column":0},"end":{"line":37,"column":55}}},"fnMap":{},"branchMap":{},"s":{"0":8,"1":8,"2":8,"3":8,"4":8,"5":8,"6":8,"7":8,"8":8,"9":8,"10":8,"11":8},"f":{},"b":{}}
,"/Users/alexborovskoy/ws/1.Project/keep-in-touch-be/src/utils/BaseError.ts": {"path":"/Users/alexborovskoy/ws/1.Project/keep-in-touch-be/src/utils/BaseError.ts","statementMap":{"0":{"start":{"line":5,"column":4},"end":{"line":5,"column":19}},"1":{"start":{"line":7,"column":4},"end":{"line":7,"column":33}},"2":{"start":{"line":9,"column":4},"end":{"line":9,"column":52}},"3":{"start":{"line":1,"column":0},"end":{"line":1,"column":13}}},"fnMap":{"0":{"name":"(anonymous_0)","decl":{"start":{"line":4,"column":2},"end":{"line":4,"column":14}},"loc":{"start":{"line":4,"column":49},"end":{"line":10,"column":3}}}},"branchMap":{},"s":{"0":56,"1":56,"2":56,"3":8},"f":{"0":56},"b":{}}
,"/Users/alexborovskoy/ws/1.Project/keep-in-touch-be/src/utils/logger.ts": {"path":"/Users/alexborovskoy/ws/1.Project/keep-in-touch-be/src/utils/logger.ts","statementMap":{"0":{"start":{"line":1,"column":0},"end":{"line":1,"column":30}},"1":{"start":{"line":2,"column":0},"end":{"line":2,"column":54}},"2":{"start":{"line":4,"column":13},"end":{"line":4,"column":58}}},"fnMap":{},"branchMap":{},"s":{"0":8,"1":8,"2":8},"f":{},"b":{}}
,"/Users/alexborovskoy/ws/1.Project/keep-in-touch-be/src/utils/runCatching.ts": {"path":"/Users/alexborovskoy/ws/1.Project/keep-in-touch-be/src/utils/runCatching.ts","statementMap":{"0":{"start":{"line":3,"column":27},"end":{"line":9,"column":1}},"1":{"start":{"line":6,"column":2},"end":{"line":8,"column":4}},"2":{"start":{"line":7,"column":4},"end":{"line":7,"column":35}},"3":{"start":{"line":3,"column":13},"end":{"line":3,"column":27}}},"fnMap":{"0":{"name":"(anonymous_0)","decl":{"start":{"line":3,"column":27},"end":{"line":3,"column":null}},"loc":{"start":{"line":5,"column":4},"end":{"line":9,"column":1}}},"1":{"name":"(anonymous_1)","decl":{"start":{"line":6,"column":9},"end":{"line":6,"column":10}},"loc":{"start":{"line":6,"column":61},"end":{"line":8,"column":3}}}},"branchMap":{},"s":{"0":8,"1":152,"2":167,"3":8},"f":{"0":152,"1":167},"b":{}}
}
