TN:
SF:src/app.ts
FN:37,(anonymous_1)
FN:43,(anonymous_2)
FNF:2
FNH:0
FNDA:0,(anonymous_1)
FNDA:0,(anonymous_2)
DA:1,8
DA:2,8
DA:3,8
DA:4,8
DA:5,8
DA:6,8
DA:7,8
DA:8,8
DA:9,8
DA:11,8
DA:13,8
DA:14,8
DA:15,8
DA:16,8
DA:18,8
DA:20,8
DA:21,0
DA:30,8
DA:34,8
DA:37,8
DA:38,0
DA:41,8
DA:43,8
DA:44,0
DA:52,8
DA:54,8
LF:26
LH:23
BRDA:20,0,0,0
BRDA:20,0,1,8
BRDA:23,1,0,0
BRDA:23,1,1,0
BRDA:23,2,0,0
BRDA:23,2,1,0
BRDA:23,3,0,0
BRDA:23,3,1,0
BRDA:34,4,0,0
BRDA:34,4,1,8
BRF:10
BRH:2
end_of_record
TN:
SF:src/__tests__/testHelpers.ts
FN:8,(anonymous_8)
FN:12,(anonymous_9)
FN:14,(anonymous_10)
FN:28,(anonymous_11)
FN:32,(anonymous_12)
FN:44,(anonymous_13)
FN:47,(anonymous_14)
FNF:7
FNH:5
FNDA:8,(anonymous_8)
FNDA:21,(anonymous_9)
FNDA:21,(anonymous_10)
FNDA:0,(anonymous_11)
FNDA:0,(anonymous_12)
FNDA:22,(anonymous_13)
FNDA:22,(anonymous_14)
DA:2,8
DA:3,8
DA:5,8
DA:8,8
DA:9,8
DA:12,8
DA:14,21
DA:15,21
DA:23,21
DA:24,21
DA:25,21
DA:28,8
DA:32,0
DA:33,0
DA:38,0
DA:44,8
DA:47,22
DA:48,22
DA:57,22
DA:61,22
DA:63,22
LF:21
LH:18
BRDA:13,0,0,0
BRDA:46,1,0,18
BRF:2
BRH:1
end_of_record
TN:
SF:src/controllers/auth.controller.ts
FN:15,(anonymous_8)
FN:29,(anonymous_9)
FN:29,(anonymous_10)
FN:74,(anonymous_11)
FN:74,(anonymous_12)
FN:123,(anonymous_13)
FN:123,(anonymous_14)
FN:143,(anonymous_15)
FN:143,(anonymous_16)
FN:150,(anonymous_17)
FN:150,(anonymous_18)
FN:166,(anonymous_19)
FN:166,(anonymous_20)
FNF:13
FNH:13
FNDA:39,(anonymous_8)
FNDA:35,(anonymous_9)
FNDA:35,(anonymous_10)
FNDA:14,(anonymous_11)
FNDA:14,(anonymous_12)
FNDA:1,(anonymous_13)
FNDA:1,(anonymous_14)
FNDA:2,(anonymous_15)
FNDA:2,(anonymous_16)
FNDA:2,(anonymous_17)
FNDA:2,(anonymous_18)
FNDA:1,(anonymous_19)
FNDA:1,(anonymous_20)
DA:2,8
DA:3,8
DA:11,8
DA:12,8
DA:13,8
DA:15,8
DA:16,39
DA:17,39
DA:18,0
DA:25,39
DA:28,8
DA:29,35
DA:30,35
DA:32,35
DA:33,0
DA:41,35
DA:45,35
DA:46,4
DA:47,2
DA:51,2
DA:52,2
DA:58,31
DA:59,31
DA:61,31
DA:63,31
DA:65,31
DA:73,8
DA:74,14
DA:76,14
DA:78,14
DA:79,1
DA:88,13
DA:92,13
DA:93,1
DA:101,12
DA:102,12
DA:103,4
DA:108,8
DA:110,8
DA:112,8
DA:114,8
DA:122,8
DA:123,1
DA:124,1
DA:126,1
DA:127,0
DA:134,1
DA:143,8
DA:146,2
DA:149,8
DA:150,2
DA:151,2
DA:153,2
DA:154,0
DA:159,2
DA:165,8
DA:166,1
DA:167,1
DA:169,1
DA:170,0
DA:180,1
LF:61
LH:56
BRDA:17,0,0,0
BRDA:32,1,0,0
BRDA:32,2,0,35
BRDA:32,2,1,35
BRDA:32,2,2,35
BRDA:32,2,3,35
BRDA:45,3,0,4
BRDA:46,4,0,2
BRDA:51,5,0,2
BRDA:78,6,0,1
BRDA:78,7,0,14
BRDA:78,7,1,13
BRDA:92,8,0,1
BRDA:102,9,0,4
BRDA:126,10,0,0
BRDA:153,11,0,0
BRDA:169,12,0,0
BRDA:169,13,0,1
BRDA:169,13,1,1
BRF:19
BRH:14
end_of_record
TN:
SF:src/controllers/users.controller.ts
FN:9,(anonymous_8)
FN:9,(anonymous_9)
FN:29,(anonymous_10)
FN:29,(anonymous_11)
FN:72,(anonymous_12)
FN:72,(anonymous_13)
FN:116,(anonymous_14)
FN:116,(anonymous_15)
FN:134,(anonymous_16)
FN:134,(anonymous_17)
FNF:10
FNH:10
FNDA:2,(anonymous_8)
FNDA:2,(anonymous_9)
FNDA:6,(anonymous_10)
FNDA:6,(anonymous_11)
FNDA:3,(anonymous_12)
FNDA:3,(anonymous_13)
FNDA:4,(anonymous_14)
FNDA:4,(anonymous_15)
FNDA:3,(anonymous_16)
FNDA:3,(anonymous_17)
DA:2,8
DA:3,8
DA:5,8
DA:6,8
DA:8,8
DA:9,2
DA:10,2
DA:11,0
DA:16,2
DA:17,2
DA:18,0
DA:21,2
DA:28,8
DA:29,6
DA:30,6
DA:31,0
DA:36,6
DA:39,6
DA:40,5
DA:44,5
DA:45,2
DA:51,4
DA:52,4
DA:53,4
DA:55,4
DA:60,4
DA:61,0
DA:64,4
DA:71,8
DA:72,3
DA:73,3
DA:74,0
DA:79,3
DA:81,3
DA:82,0
DA:90,3
DA:91,3
DA:92,0
DA:95,3
DA:96,3
DA:97,1
DA:105,2
DA:106,2
DA:108,2
DA:115,8
DA:116,4
DA:117,4
DA:119,4
DA:122,4
DA:123,1
DA:126,3
DA:133,8
DA:134,3
DA:135,3
DA:136,0
DA:142,3
DA:144,3
LF:57
LH:49
BRDA:10,0,0,0
BRDA:17,1,0,0
BRDA:30,2,0,0
BRDA:39,3,0,5
BRDA:44,4,0,2
BRDA:52,5,0,3
BRDA:53,6,0,3
BRDA:60,7,0,0
BRDA:73,8,0,0
BRDA:81,9,0,0
BRDA:81,10,0,3
BRDA:81,10,1,3
BRDA:91,11,0,0
BRDA:96,12,0,1
BRDA:122,13,0,1
BRDA:135,14,0,0
BRF:16
BRH:8
end_of_record
TN:
SF:src/middleware/auth.ts
FN:13,(anonymous_8)
FN:17,(anonymous_9)
FN:60,(anonymous_10)
FN:61,(anonymous_11)
FNF:4
FNH:2
FNDA:36,(anonymous_8)
FNDA:36,(anonymous_9)
FNDA:0,(anonymous_10)
FNDA:0,(anonymous_11)
DA:2,8
DA:3,8
DA:4,8
DA:5,8
DA:13,8
DA:17,36
DA:18,36
DA:19,36
DA:20,36
DA:22,36
DA:23,6
DA:31,30
DA:32,30
DA:33,0
DA:41,30
DA:42,25
DA:44,25
DA:45,1
DA:53,24
DA:54,24
DA:56,5
DA:60,8
DA:61,0
DA:62,0
DA:63,0
DA:68,0
DA:69,0
DA:77,0
LF:28
LH:21
BRDA:20,0,0,36
BRDA:20,0,1,31
BRDA:22,1,0,6
BRDA:32,2,0,0
BRDA:44,3,0,1
BRDA:62,4,0,0
BRDA:68,5,0,0
BRDA:71,6,0,0
BRDA:71,6,1,0
BRDA:71,7,0,0
BRDA:71,7,1,0
BRF:11
BRH:4
end_of_record
TN:
SF:src/middleware/errorHandler.ts
FN:7,(anonymous_1)
FNF:1
FNH:1
FNDA:56,(anonymous_1)
DA:2,8
DA:3,8
DA:4,8
DA:5,8
DA:7,8
DA:13,56
DA:14,56
DA:16,56
DA:17,0
DA:20,56
DA:21,56
DA:24,56
DA:25,0
DA:26,0
DA:30,56
DA:31,0
DA:32,0
DA:36,56
DA:37,5
DA:38,5
DA:42,56
DA:43,0
DA:44,0
DA:48,56
DA:49,28
DA:53,56
DA:54,0
DA:55,0
DA:59,56
DA:66,56
DA:74,8
LF:31
LH:22
BRDA:16,0,0,0
BRDA:20,1,0,56
BRDA:20,1,1,33
BRDA:21,2,0,56
BRDA:21,2,1,0
BRDA:24,3,0,0
BRDA:30,4,0,0
BRDA:36,5,0,5
BRDA:42,6,0,0
BRDA:48,7,0,28
BRDA:53,8,0,0
BRDA:53,9,0,56
BRDA:53,9,1,0
BRDA:55,10,0,0
BRDA:55,10,1,0
BRDA:60,11,0,56
BRDA:60,11,1,0
BRDA:62,12,0,0
BRDA:62,12,1,56
BRDA:70,13,0,0
BRDA:70,13,1,56
BRF:21
BRH:9
end_of_record
TN:
SF:src/middleware/httpLogger.ts
FN:5,(anonymous_1)
FN:20,(anonymous_2)
FNF:2
FNH:2
FNDA:113,(anonymous_1)
FNDA:113,(anonymous_2)
DA:1,8
DA:2,8
DA:4,8
DA:7,113
DA:11,8
DA:16,8
DA:22,113
LF:7
LH:7
BRDA:22,0,0,113
BRDA:22,0,1,0
BRF:2
BRH:1
end_of_record
TN:
SF:src/middleware/lastSeen.ts
FN:7,(anonymous_7)
FN:11,(anonymous_8)
FNF:2
FNH:0
FNDA:0,(anonymous_7)
FNDA:0,(anonymous_8)
DA:2,0
DA:7,0
DA:11,0
DA:12,0
DA:13,0
DA:14,0
DA:15,0
DA:16,0
DA:20,0
DA:23,0
DA:24,0
LF:11
LH:0
BRDA:13,0,0,0
BRF:1
BRH:0
end_of_record
TN:
SF:src/middleware/validation.middleware.ts
FN:11,(anonymous_7)
FN:12,(anonymous_8)
FN:12,(anonymous_9)
FNF:3
FNH:3
FNDA:64,(anonymous_7)
FNDA:94,(anonymous_8)
FNDA:94,(anonymous_9)
DA:3,8
DA:11,8
DA:12,94
DA:14,94
DA:15,89
DA:19,67
DA:20,5
DA:24,66
DA:25,0
DA:27,66
LF:10
LH:9
BRDA:14,0,0,89
BRDA:19,1,0,5
BRDA:24,2,0,0
BRF:3
BRH:2
end_of_record
TN:
SF:src/models/auth/auth.schemas.ts
FNF:0
FNH:0
DA:1,8
DA:2,8
DA:9,8
DA:18,8
DA:25,8
DA:31,8
DA:37,8
LF:7
LH:7
BRF:0
BRH:0
end_of_record
TN:
SF:src/models/user/user.model.ts
FN:44,(anonymous_8)
FN:69,(anonymous_10)
FN:84,(anonymous_12)
FN:89,(anonymous_14)
FN:103,(anonymous_15)
FN:107,(anonymous_16)
FN:115,(anonymous_17)
FNF:7
FNH:4
FNDA:62,(anonymous_8)
FNDA:15,(anonymous_10)
FNDA:8,(anonymous_12)
FNDA:39,(anonymous_14)
FNDA:0,(anonymous_15)
FNDA:0,(anonymous_16)
FNDA:0,(anonymous_17)
DA:1,8
DA:2,8
DA:3,8
DA:9,8
DA:24,8
DA:41,8
DA:42,8
DA:44,8
DA:45,62
DA:48,54
DA:49,54
DA:50,0
DA:51,0
DA:54,54
DA:55,0
DA:58,0
DA:61,54
DA:62,54
DA:63,54
DA:65,0
DA:69,8
DA:72,15
DA:73,15
DA:76,15
DA:77,15
DA:79,0
DA:80,0
DA:84,8
DA:85,8
DA:86,8
DA:89,8
DA:90,39
DA:102,8
DA:104,0
DA:107,8
DA:108,0
DA:115,8
DA:118,0
DA:126,8
DA:128,8
LF:40
LH:30
BRDA:45,0,0,8
BRDA:49,1,0,0
BRDA:54,2,0,0
BRDA:65,3,0,0
BRDA:65,3,1,0
BRDA:76,4,0,0
BRDA:76,5,0,15
BRDA:76,5,1,15
BRF:8
BRH:3
end_of_record
TN:
SF:src/models/user/user.schemas.ts
FN:29,(anonymous_0)
FNF:1
FNH:1
FNDA:10,(anonymous_0)
DA:1,8
DA:2,8
DA:11,8
DA:18,8
DA:24,8
DA:29,10
DA:36,8
DA:50,8
DA:55,8
LF:9
LH:9
BRDA:29,0,0,10
BRDA:29,0,1,6
BRF:2
BRH:2
end_of_record
TN:
SF:src/models/user/user.types.ts
FNF:0
FNH:0
DA:1,8
DA:5,8
DA:15,8
DA:21,8
DA:26,8
DA:31,8
DA:33,8
DA:41,8
DA:60,8
LF:9
LH:9
BRF:0
BRH:0
end_of_record
TN:
SF:src/routes/index.ts
FNF:0
FNH:0
DA:1,8
DA:2,8
DA:4,8
DA:7,8
DA:9,8
LF:5
LH:5
BRF:0
BRH:0
end_of_record
TN:
SF:src/routes/v1/auth.routes.ts
FNF:0
FNH:0
DA:1,8
DA:2,8
DA:10,8
DA:11,8
DA:12,8
DA:20,8
DA:22,8
DA:24,8
DA:26,8
DA:32,8
DA:34,8
DA:40,8
DA:46,8
LF:13
LH:13
BRF:0
BRH:0
end_of_record
TN:
SF:src/routes/v1/index.ts
FNF:0
FNH:0
DA:1,8
DA:2,8
DA:3,8
DA:5,8
DA:7,8
DA:8,8
DA:10,8
LF:7
LH:7
BRF:0
BRH:0
end_of_record
TN:
SF:src/routes/v1/users.routes.ts
FNF:0
FNH:0
DA:1,8
DA:2,8
DA:9,8
DA:10,8
DA:11,8
DA:17,8
DA:19,8
DA:21,8
DA:28,8
DA:35,8
DA:37,8
DA:39,8
LF:12
LH:12
BRF:0
BRH:0
end_of_record
TN:
SF:src/utils/BaseError.ts
FN:4,(anonymous_0)
FNF:1
FNH:1
FNDA:56,(anonymous_0)
DA:1,8
DA:5,56
DA:7,56
DA:9,56
LF:4
LH:4
BRF:0
BRH:0
end_of_record
TN:
SF:src/utils/logger.ts
FNF:0
FNH:0
DA:1,8
DA:2,8
DA:4,8
LF:3
LH:3
BRF:0
BRH:0
end_of_record
TN:
SF:src/utils/runCatching.ts
FN:3,(anonymous_0)
FN:6,(anonymous_1)
FNF:2
FNH:2
FNDA:152,(anonymous_0)
FNDA:167,(anonymous_1)
DA:3,8
DA:6,152
DA:7,167
LF:3
LH:3
BRF:0
BRH:0
end_of_record
